
-----
Test: tests/test_task_1.py::test_case_1 (call)
Start time: 2024-05-29 23:25:27.042923
Start name method: go_to_contacts_section

End time: 2024-05-29 23:25:31.080071
End name method: go_to_contacts_section
URL: https://sbis.ru/contacts/66-sverdlovskaya-oblast?tab=clients

-----

-----
Test: tests/test_task_1.py::test_case_1 (call)
Start time: 2024-05-29 23:25:31.089866
Start name method: select_banner_tensor

End time: 2024-05-29 23:25:31.209345
End name method: select_banner_tensor
URL: https://sbis.ru/contacts/66-sverdlovskaya-oblast?tab=clients

-----

-----
Test: tests/test_task_1.py::test_case_1 (call)
Start time: 2024-05-29 23:25:31.211350
Start name method: switch_to_window_tensor

End time: 2024-05-29 23:25:33.315427
End name method: switch_to_window_tensor
URL: https://tensor.ru/

-----

-----
Test: tests/test_task_1.py::test_case_1 (call)
Start time: 2024-05-29 23:25:33.315427
Start name method: check_block_strength_in_people

End time: 2024-05-29 23:25:33.669466
End name method: check_block_strength_in_people
URL: https://tensor.ru/

-----

-----
Test: tests/test_task_1.py::test_case_1 (call)
Start time: 2024-05-29 23:25:33.670463
Start name method: select_more_details_and_check_the_site_is_open

End time: 2024-05-29 23:25:35.973713
End name method: select_more_details_and_check_page_tensor_about_is_open
URL: https://tensor.ru/about

-----

-----
Test: tests/test_task_1.py::test_case_1 (call)
Start time: 2024-05-29 23:25:35.973713
Start name method: check_same_height_and_width

End time: 2024-05-29 23:25:37.093435
End name method: check_same_height_and_width
URL: https://tensor.ru/about

-----

-----
Test: tests/test_task_2.py::test_case_2 (call)
Start time: 2024-05-29 23:25:37.099420
Start name method: go_to_contacts_section

End time: 2024-05-29 23:25:39.091987
End name method: go_to_contacts_section
URL: https://sbis.ru/contacts/66-sverdlovskaya-oblast?tab=clients

-----

-----
Test: tests/test_task_2.py::test_case_2 (call)
Start time: 2024-05-29 23:25:39.102491
Start name method: check_region_and_list_partners

End time: 2024-05-29 23:25:39.127532
End name method: check_region_and_list_partners
URL: https://sbis.ru/contacts/66-sverdlovskaya-oblast?tab=clients

-----

-----
Test: tests/test_task_2.py::test_case_2 (call)
Start time: 2024-05-29 23:25:39.128529
Start name method: change_on_new_region

End time: 2024-05-29 23:25:39.834800
End name method: change_on_new_region
URL: https://sbis.ru/contacts/66-sverdlovskaya-oblast?tab=clients

-----

-----
Test: tests/test_task_2.py::test_case_2 (call)
Start time: 2024-05-29 23:25:39.834800
Start name method: check_new_region_url_title_list_partners

End time: 2024-05-29 23:25:40.539692
End name method: check_new_region_url_title_list_partners
URL: https://sbis.ru/contacts/41-kamchatskij-kraj?tab=clients

-----

-----
Test: tests/test_task_3.py::test_case_3 (call)
Start time: 2024-05-29 23:25:40.545172
Start name method: go_to_sbis_page

End time: 2024-05-29 23:25:40.741804
End name method: go_to_sbis_page
URL: https://sbis.ru/

-----

-----
Test: tests/test_task_3.py::test_case_3 (call)
Start time: 2024-05-29 23:25:40.741804
Start name method: find_and_go_to_download_sbis

End time: 2024-05-29 23:25:43.228776
End name method: find_and_go_to_download_sbis
URL: https://sbis.ru/download?tab=ereport&innerTab=ereport25

-----

-----
Test: tests/test_task_3.py::test_case_3 (call)
Start time: 2024-05-29 23:25:43.228776
Start name method: download_sbis_plugin_for_windows

End time: 2024-05-29 23:25:49.769798
End name method: download_sbis_plugin_for_windows
URL: https://sbis.ru/download?tab=plugin&innerTab=default

-----

-----
Test: tests/test_task_3.py::test_case_3 (call)
Start time: 2024-05-29 23:25:49.770801
Start name method: download_file_in_directory

End time: 2024-05-29 23:25:49.777667
End name method: download_file_in_directory
URL: https://sbis.ru/download?tab=plugin&innerTab=default

-----

-----
Test: tests/test_task_3.py::test_case_3 (call)
Start time: 2024-05-29 23:25:49.778708
Start name method: check_size_download_file_and_current_file_on_page

End time: 2024-05-29 23:25:49.971082
End name method: check_size_download_file_and_current_file_on_page
URL: https://sbis.ru/download?tab=plugin&innerTab=default

-----
